d:\code\autoreplaymessage\autoreplaymessage\debug\autoreplaymessage.pch
d:\code\autoreplaymessage\autoreplaymessage\debug\vc142.pdb
d:\code\autoreplaymessage\autoreplaymessage\debug\vc142.idb
d:\code\autoreplaymessage\autoreplaymessage\debug\pch.obj
d:\code\autoreplaymessage\autoreplaymessage\debug\tool.obj
d:\code\autoreplaymessage\autoreplaymessage\debug\sendmsg.obj
d:\code\autoreplaymessage\autoreplaymessage\debug\getmsg.obj
d:\code\autoreplaymessage\autoreplaymessage\debug\dllmain.obj
d:\code\autoreplaymessage\autoreplaymessage\debug\autoreplaymessage.ilk
d:\code\autoreplaymessage\debug\autoreplaymessage.dll
d:\code\autoreplaymessage\debug\autoreplaymessage.pdb
d:\code\autoreplaymessage\autoreplaymessage\debug\autoreplaymessage.res
d:\code\autoreplaymessage\autoreplaymessage\debug\autorepl.59255606.tlog\cl.command.1.tlog
d:\code\autoreplaymessage\autoreplaymessage\debug\autorepl.59255606.tlog\cl.read.1.tlog
d:\code\autoreplaymessage\autoreplaymessage\debug\autorepl.59255606.tlog\cl.write.1.tlog
d:\code\autoreplaymessage\autoreplaymessage\debug\autorepl.59255606.tlog\link.command.1.tlog
d:\code\autoreplaymessage\autoreplaymessage\debug\autorepl.59255606.tlog\link.read.1.tlog
d:\code\autoreplaymessage\autoreplaymessage\debug\autorepl.59255606.tlog\link.write.1.tlog
d:\code\autoreplaymessage\autoreplaymessage\debug\autorepl.59255606.tlog\rc.command.1.tlog
d:\code\autoreplaymessage\autoreplaymessage\debug\autorepl.59255606.tlog\rc.read.1.tlog
d:\code\autoreplaymessage\autoreplaymessage\debug\autorepl.59255606.tlog\rc.write.1.tlog
